<?xml version="1.0" encoding="UTF-8"?>
<!-- Generated by org.testng.reporters.JUnitReportReporter -->
<testsuite skipped="0" hostname="DESKTOP-ACI7R7L" name="TestRunner.CucumberRunnerTests" tests="1" failures="0" timestamp="2023-02-15T00:12:22 BDT" time="7.408" errors="0">
  <testcase name="runScenario" time="7.408" classname="TestRunner.CucumberRunnerTests"/>
  <system-out/>
</testsuite> <!-- TestRunner.CucumberRunnerTests -->
